#
# There is insufficient memory for the Java Runtime Environment to continue.
# Native memory allocation (mmap) failed to map 123731968 bytes for G1 virtual space
# Possible reasons:
#   The system is out of physical RAM or swap space
#   The process is running with CompressedOops enabled, and the Java Heap may be blocking the growth of the native heap
# Possible solutions:
#   Reduce memory load on the system
#   Increase physical memory or swap space
#   Check if swap backing store is full
#   Decrease Java heap size (-Xmx/-Xms)
#   Decrease number of Java threads
#   Decrease Java thread stack sizes (-Xss)
#   Set larger code cache with -XX:ReservedCodeCacheSize=
#   JVM is running with Unscaled Compressed Oops mode in which the Java heap is
#     placed in the first 4GB address space. The Java Heap base address is the
#     maximum limit for the native heap growth. Please use -XX:HeapBaseMinAddress
#     to set the Java Heap base and to place the Java Heap above 4GB virtual address.
# This output file may be truncated or incomplete.
#
#  Out of Memory Error (os_windows.cpp:3469), pid=17860, tid=30012
#
# JRE version:  (17.0+35) (build )
# Java VM: OpenJDK 64-Bit Server VM (17+35-2724, mixed mode, sharing, tiered, compressed oops, compressed class ptrs, g1 gc, windows-amd64)
# No core dump will be written. Minidumps are not enabled by default on client versions of Windows
#

---------------  S U M M A R Y ------------

Command Line: -Dfile.encoding=UTF-8 -Duser.country=KR -Duser.language=ko -Duser.variant javamid.enumfile.AuthGradeMain1

Host: AMD Ryzen 5 5600G with Radeon Graphics         , 12 cores, 7G,  Windows 10 , 64 bit Build 22621 (10.0.22621.4391)
Time: Thu Dec 19 13:44:16 2024  Windows 10 , 64 bit Build 22621 (10.0.22621.4391) elapsed time: 0.020980 seconds (0d 0h 0m 0s)

---------------  T H R E A D  ---------------

Current thread (0x0000023db9581440):  JavaThread "Unknown thread" [_thread_in_vm, id=30012, stack(0x0000006fd0300000,0x0000006fd0400000)]

Stack: [0x0000006fd0300000,0x0000006fd0400000]
Native frames: (J=compiled Java code, j=interpreted, Vv=VM code, C=native code)
V  [jvm.dll+0x66f8ea]
V  [jvm.dll+0x7ce224]
V  [jvm.dll+0x7cf9ce]
V  [jvm.dll+0x7d0033]
V  [jvm.dll+0x242bb5]
V  [jvm.dll+0x66c909]
V  [jvm.dll+0x6613d2]
V  [jvm.dll+0x30082b]
V  [jvm.dll+0x307db6]
V  [jvm.dll+0x357a0e]
V  [jvm.dll+0x357c3f]
V  [jvm.dll+0x2d7ae8]
V  [jvm.dll+0x2d8a54]
V  [jvm.dll+0x7a00a1]
V  [jvm.dll+0x365781]
V  [jvm.dll+0x77f59c]
V  [jvm.dll+0x3e805f]
V  [jvm.dll+0x3e9b01]
C  [jli.dll+0x527b]
C  [ucrtbase.dll+0x29333]
C  [KERNEL32.DLL+0x1259d]
C  [ntdll.dll+0x5af38]


---------------  P R O C E S S  ---------------

Threads class SMR info:
_java_thread_list=0x00007ffbc5977818, length=0, elements={
}

Java Threads: ( => current thread )

Other Threads:
  0x0000023db95bde90 GCTaskThread "GC Thread#0" [stack: 0x0000006fd0400000,0x0000006fd0500000] [id=9612]
  0x0000023db95cd950 ConcurrentGCThread "G1 Main Marker" [stack: 0x0000006fd0500000,0x0000006fd0600000] [id=20968]
  0x0000023db95d0b20 ConcurrentGCThread "G1 Conc#0" [stack: 0x0000006fd0600000,0x0000006fd0700000] [id=10836]

[error occurred during error reporting (printing all threads), id 0xc0000005, EXCEPTION_ACCESS_VIOLATION (0xc0000005) at pc=0x00007ffbc51c84c7]

VM state: not at safepoint (not fully initialized)

VM Mutex/Monitor currently owned by a thread:  ([mutex/lock_event])
[0x0000023db957dc30] Heap_lock - owner thread: 0x0000023db9581440

Heap address: 0x000000008a400000, size: 1884 MB, Compressed Oops mode: 32-bit

CDS archive(s) mapped at: [0x0000000000000000-0x0000000000000000-0x0000000000000000), size 0, SharedBaseAddress: 0x0000000800000000, ArchiveRelocationMode: 0.
Narrow klass base: 0x0000000000000000, Narrow klass shift: 0, Narrow klass range: 0x0

GC Precious Log:
<Empty>

Heap:
 garbage-first heap   total 0K, used 0K [0x000000008a400000, 0x0000000100000000)
  region size 1024K, 0 young (0K), 0 survivors (0K)

[error occurred during error reporting (printing heap information), id 0xc0000005, EXCEPTION_ACCESS_VIOLATION (0xc0000005) at pc=0x00007ffbc55a8c59]

GC Heap History (0 events):
No events

Deoptimization events (0 events):
No events

Classes unloaded (0 events):
No events

Classes redefined (0 events):
No events

Internal exceptions (0 events):
No events

VM Operations (0 events):
No events

Events (1 events):
Event: 0.013 Loaded shared library C:\jdk-17\bin\java.dll


Dynamic libraries:
0x00007ff618b50000 - 0x00007ff618b5e000 	C:\jdk-17\bin\java.exe
0x00007ffc37f90000 - 0x00007ffc381a7000 	C:\WINDOWS\SYSTEM32\ntdll.dll
0x00007ffc36660000 - 0x00007ffc36724000 	C:\WINDOWS\System32\KERNEL32.DLL
0x00007ffc35400000 - 0x00007ffc357ba000 	C:\WINDOWS\System32\KERNELBASE.dll
0x00007ffc35a30000 - 0x00007ffc35b41000 	C:\WINDOWS\System32\ucrtbase.dll
0x00007ffc2de30000 - 0x00007ffc2de4a000 	C:\jdk-17\bin\VCRUNTIME140.dll
0x00007ffc19ab0000 - 0x00007ffc19ac8000 	C:\jdk-17\bin\jli.dll
0x00007ffc364a0000 - 0x00007ffc3664e000 	C:\WINDOWS\System32\USER32.dll
0x00007ffc353d0000 - 0x00007ffc353f6000 	C:\WINDOWS\System32\win32u.dll
0x00007ffc35d20000 - 0x00007ffc35d49000 	C:\WINDOWS\System32\GDI32.dll
0x00007ffc357c0000 - 0x00007ffc358db000 	C:\WINDOWS\System32\gdi32full.dll
0x00007ffc26b70000 - 0x00007ffc26e02000 	C:\WINDOWS\WinSxS\amd64_microsoft.windows.common-controls_6595b64144ccf1df_6.0.22621.4541_none_2710d1c57384c085\COMCTL32.dll
0x00007ffc35990000 - 0x00007ffc35a2a000 	C:\WINDOWS\System32\msvcp_win.dll
0x00007ffc36390000 - 0x00007ffc36437000 	C:\WINDOWS\System32\msvcrt.dll
0x00007ffc369e0000 - 0x00007ffc36a11000 	C:\WINDOWS\System32\IMM32.DLL
0x00007ffc2f9c0000 - 0x00007ffc2f9cc000 	C:\jdk-17\bin\vcruntime140_1.dll
0x00007ffbf6650000 - 0x00007ffbf66dd000 	C:\jdk-17\bin\msvcp140.dll
0x00007ffbc4ee0000 - 0x00007ffbc5a9e000 	C:\jdk-17\bin\server\jvm.dll
0x00007ffc37e90000 - 0x00007ffc37f42000 	C:\WINDOWS\System32\ADVAPI32.dll
0x00007ffc36a20000 - 0x00007ffc36ac7000 	C:\WINDOWS\System32\sechost.dll
0x00007ffc358e0000 - 0x00007ffc35908000 	C:\WINDOWS\System32\bcrypt.dll
0x00007ffc37360000 - 0x00007ffc37474000 	C:\WINDOWS\System32\RPCRT4.dll
0x00007ffc37350000 - 0x00007ffc37358000 	C:\WINDOWS\System32\PSAPI.DLL
0x00007ffc2bca0000 - 0x00007ffc2bcaa000 	C:\WINDOWS\SYSTEM32\VERSION.dll
0x00007ffc30dc0000 - 0x00007ffc30dc9000 	C:\WINDOWS\SYSTEM32\WSOCK32.dll
0x00007ffc2d840000 - 0x00007ffc2d874000 	C:\WINDOWS\SYSTEM32\WINMM.dll
0x00007ffc35e10000 - 0x00007ffc35e81000 	C:\WINDOWS\System32\WS2_32.dll
0x00007ffc34310000 - 0x00007ffc34328000 	C:\WINDOWS\SYSTEM32\kernel.appcore.dll
0x00007ffc2a770000 - 0x00007ffc2a77a000 	C:\jdk-17\bin\jimage.dll
0x00007ffc32a10000 - 0x00007ffc32c42000 	C:\WINDOWS\SYSTEM32\DBGHELP.DLL
0x00007ffc35e90000 - 0x00007ffc3621f000 	C:\WINDOWS\System32\combase.dll
0x00007ffc37480000 - 0x00007ffc37557000 	C:\WINDOWS\System32\OLEAUT32.dll
0x00007ffc1a610000 - 0x00007ffc1a642000 	C:\WINDOWS\SYSTEM32\dbgcore.DLL
0x00007ffc35910000 - 0x00007ffc3598b000 	C:\WINDOWS\System32\bcryptPrimitives.dll
0x00007ffc14d70000 - 0x00007ffc14d95000 	C:\jdk-17\bin\java.dll

dbghelp: loaded successfully - version: 4.0.5 - missing functions: none
symbol engine: initialized successfully - sym options: 0x614 - pdb path: .;C:\jdk-17\bin;C:\WINDOWS\SYSTEM32;C:\WINDOWS\WinSxS\amd64_microsoft.windows.common-controls_6595b64144ccf1df_6.0.22621.4541_none_2710d1c57384c085;C:\jdk-17\bin\server

VM Arguments:
jvm_args: -Dfile.encoding=UTF-8 -Duser.country=KR -Duser.language=ko -Duser.variant 
java_command: javamid.enumfile.AuthGradeMain1
java_class_path (initial): C:\java_study\java_study\first\build\classes\java\main;C:\java_study\java_study\first\build\resources\main
Launcher Type: SUN_STANDARD

[Global flags]
     intx CICompilerCount                          = 4                                         {product} {ergonomic}
     uint ConcGCThreads                            = 3                                         {product} {ergonomic}
     uint G1ConcRefinementThreads                  = 10                                        {product} {ergonomic}
   size_t G1HeapRegionSize                         = 1048576                                   {product} {ergonomic}
    uintx GCDrainStackTargetSize                   = 64                                        {product} {ergonomic}
   size_t InitialHeapSize                          = 123731968                                 {product} {ergonomic}
   size_t MarkStackSize                            = 4194304                                   {product} {ergonomic}
   size_t MaxHeapSize                              = 1975517184                                {product} {ergonomic}
   size_t MinHeapDeltaBytes                        = 1048576                                   {product} {ergonomic}
   size_t MinHeapSize                              = 8388608                                   {product} {ergonomic}
    uintx NonNMethodCodeHeapSize                   = 5839372                                {pd product} {ergonomic}
    uintx NonProfiledCodeHeapSize                  = 122909434                              {pd product} {ergonomic}
    uintx ProfiledCodeHeapSize                     = 122909434                              {pd product} {ergonomic}
    uintx ReservedCodeCacheSize                    = 251658240                              {pd product} {ergonomic}
     bool SegmentedCodeCache                       = true                                      {product} {ergonomic}
   size_t SoftMaxHeapSize                          = 1975517184                             {manageable} {ergonomic}
     bool UseCompressedClassPointers               = true                           {product lp64_product} {ergonomic}
     bool UseCompressedOops                        = true                           {product lp64_product} {ergonomic}
     bool UseG1GC                                  = true                                      {product} {ergonomic}
     bool UseLargePagesIndividualAllocation        = false                                  {pd product} {ergonomic}

Logging:
Log output configuration:
 #0: stdout all=warning uptime,level,tags
 #1: stderr all=off uptime,level,tags

Environment Variables:
JAVA_HOME=C:\jdk-17
PATH=C:\Windows\system32;C:\Windows;C:\Windows\System32\Wbem;C:\Windows\System32\WindowsPowerShell\v1.0\;C:\Windows\System32\OpenSSH\;C:\Program Files (x86)\NVIDIA Corporation\PhysX\Common;C:\WINDOWS\system32;C:\WINDOWS;C:\WINDOWS\System32\Wbem;C:\WINDOWS\System32\WindowsPowerShell\v1.0\;C:\WINDOWS\System32\OpenSSH\;C:\Program Files\Git\cmd;c:\users\user\appdata\local\packages\pythonsoftwarefoundation;C:\Users\user\AppData\Local\Packages\PythonSoftwareFoundation.Python.3.9_qbz5n2kfra8p0\LocalCache\local-packages\Python39\Scripts;C:\Program Files\nodejs\;C:\jdk-17\bin;C:\Program Files\MySQL\MySQL Server 8.0\bin;C:\Program Files\MongoDB\Server\7.0\bin;C:\Users\user\AppData\Local\Programs\Python\Python312\Scripts\;C:\Users\user\AppData\Local\Programs\Python\Python312\;C:\Users\user\AppData\Local\Microsoft\WindowsApps;C:\Users\user\AppData\Local\Programs\Microsoft VS Code\bin;C:\Program Files\JetBrains\PyCharm Community Edition 2023.3.2\bin;;C:\Users\user\AppData\Local\Packages\PythonSoftwareFoundation.Python.3.9_qbz5n2kfra8p0\LocalCache\local-packages\Python39\Scripts;C:\Users\user\AppData\Roaming\npm;C:\Program Files\JetBrains\IntelliJ IDEA 2024.1.3\bin;
USERNAME=user
OS=Windows_NT
PROCESSOR_IDENTIFIER=AMD64 Family 25 Model 80 Stepping 0, AuthenticAMD



---------------  S Y S T E M  ---------------

OS:
 Windows 10 , 64 bit Build 22621 (10.0.22621.4391)
OS uptime: 1 days 12:59 hours

CPU: total 12 (initial active 12) (12 cores per cpu, 2 threads per core) family 25 model 80 stepping 0 microcode 0x0, cx8, cmov, fxsr, ht, mmx, 3dnowpref, sse, sse2, sse3, ssse3, sse4a, sse4.1, sse4.2, popcnt, lzcnt, tsc, tscinvbit, avx, avx2, aes, erms, clmul, bmi1, bmi2, adx, sha, fma, vzeroupper, clflush, clflushopt

Memory: 4k page, system-wide physical 7531M (1330M free)
TotalPageFile size 31083M (AvailPageFile size 149M)
current process WorkingSet (physical memory assigned to process): 11M, peak: 11M
current process commit charge ("private bytes"): 64M, peak: 182M

vm_info: OpenJDK 64-Bit Server VM (17+35-2724) for windows-amd64 JRE (17+35-2724), built on Aug  5 2021 23:26:02 by "mach5one" with MS VC++ 16.8 (VS2019)

END.
